Using pre-set license
Built from '2022.3/china_unity/release' branch; Version is '2022.3.34f1c1 (1e17368ca73f) revision 1972022'; Using compiler version '192829333'; Build Type 'Release'
OS: 'Windows 10  (10.0.19045) 64bit Professional' Language: 'zh' Physical Memory: 32610 MB
BatchMode: 1, IsHumanControllingUs: 0, StartBugReporterOnCrash: 0, Is64bit: 1, IsPro: 1

COMMAND LINE ARGUMENTS:
D:\UnityPackage\Unity 2022.3.34f1c1\Editor\Unity.exe
-adb2
-batchMode
-noUpm
-name
AssetImportWorker2
-projectPath
D:/unity/SPR
-logFile
Logs/AssetImportWorker2.log
-srvPort
5617
Successfully changed project path to: D:/unity/SPR
D:/unity/SPR
[UnityMemory] Configuration Parameters - Can be set up in boot.config
    "memorysetup-bucket-allocator-granularity=16"
    "memorysetup-bucket-allocator-bucket-count=8"
    "memorysetup-bucket-allocator-block-size=33554432"
    "memorysetup-bucket-allocator-block-count=8"
    "memorysetup-main-allocator-block-size=16777216"
    "memorysetup-thread-allocator-block-size=16777216"
    "memorysetup-gfx-main-allocator-block-size=16777216"
    "memorysetup-gfx-thread-allocator-block-size=16777216"
    "memorysetup-cache-allocator-block-size=4194304"
    "memorysetup-typetree-allocator-block-size=2097152"
    "memorysetup-profiler-bucket-allocator-granularity=16"
    "memorysetup-profiler-bucket-allocator-bucket-count=8"
    "memorysetup-profiler-bucket-allocator-block-size=33554432"
    "memorysetup-profiler-bucket-allocator-block-count=8"
    "memorysetup-profiler-allocator-block-size=16777216"
    "memorysetup-profiler-editor-allocator-block-size=1048576"
    "memorysetup-temp-allocator-size-main=16777216"
    "memorysetup-job-temp-allocator-block-size=2097152"
    "memorysetup-job-temp-allocator-block-size-background=1048576"
    "memorysetup-job-temp-allocator-reduction-small-platforms=262144"
    "memorysetup-allocator-temp-initial-block-size-main=262144"
    "memorysetup-allocator-temp-initial-block-size-worker=262144"
    "memorysetup-temp-allocator-size-background-worker=32768"
    "memorysetup-temp-allocator-size-job-worker=262144"
    "memorysetup-temp-allocator-size-preload-manager=33554432"
    "memorysetup-temp-allocator-size-nav-mesh-worker=65536"
    "memorysetup-temp-allocator-size-audio-worker=65536"
    "memorysetup-temp-allocator-size-cloud-worker=32768"
    "memorysetup-temp-allocator-size-gi-baking-worker=262144"
    "memorysetup-temp-allocator-size-gfx=262144"
Player connection [7604] Host "[IP] 10.19.75.128 [Port] 0 [Flags] 2 [Guid] 2663183129 [EditorId] 2663183129 [Version] 1048832 [Id] WindowsEditor(7,CHINAMI-CSQETO0) [Debug] 1 [PackageName] WindowsEditor [ProjectName] Editor" joined multi-casting on [225.0.0.222:54997]...

Player connection [7604] Host "[IP] 10.19.75.128 [Port] 0 [Flags] 2 [Guid] 2663183129 [EditorId] 2663183129 [Version] 1048832 [Id] WindowsEditor(7,CHINAMI-CSQETO0) [Debug] 1 [PackageName] WindowsEditor [ProjectName] Editor" joined alternative multi-casting on [225.0.0.222:34997]...

[PhysX] Initialized MultithreadedTaskDispatcher with 20 workers.
Refreshing native plugins compatible for Editor in 21.67 ms, found 3 plugins.
Preloading 0 native plugins for Editor in 0.00 ms.
Initialize engine version: 2022.3.34f1c1 (1e17368ca73f)
[Subsystems] Discovering subsystems at path D:/UnityPackage/Unity 2022.3.34f1c1/Editor/Data/Resources/UnitySubsystems
[Subsystems] Discovering subsystems at path D:/unity/SPR/Assets
GfxDevice: creating device client; threaded=0; jobified=0
Direct3D:
    Version:  Direct3D 11.0 [level 11.1]
    Renderer: NVIDIA GeForce RTX 4070 Ti (ID=0x2782)
    Vendor:   NVIDIA
    VRAM:     11996 MB
    Driver:   32.0.15.5599
Initialize mono
Mono path[0] = 'D:/UnityPackage/Unity 2022.3.34f1c1/Editor/Data/Managed'
Mono path[1] = 'D:/UnityPackage/Unity 2022.3.34f1c1/Editor/Data/MonoBleedingEdge/lib/mono/unityjit-win32'
Mono config path = 'D:/UnityPackage/Unity 2022.3.34f1c1/Editor/Data/MonoBleedingEdge/etc'
Using monoOptions --debugger-agent=transport=dt_socket,embedding=1,server=y,suspend=n,address=127.0.0.1:56380
Begin MonoManager ReloadAssembly
Registering precompiled unity dll's ...
Register platform support module: D:/UnityPackage/Unity 2022.3.34f1c1/Editor/Data/PlaybackEngines/WindowsStandaloneSupport/UnityEditor.WindowsStandalone.Extensions.dll
Registered in 0.008748 seconds.
- Loaded All Assemblies, in  0.359 seconds
Native extension for WindowsStandalone target not found
Mono: successfully reloaded assembly
- Finished resetting the current domain, in  0.273 seconds
Domain Reload Profiling: 624ms
	BeginReloadAssembly (105ms)
		ExecutionOrderSort (0ms)
		DisableScriptedObjects (0ms)
		BackupInstance (0ms)
		ReleaseScriptingObjects (0ms)
		CreateAndSetChildDomain (0ms)
	RebuildCommonClasses (32ms)
	RebuildNativeTypeToScriptingClass (10ms)
	initialDomainReloadingComplete (71ms)
	LoadAllAssembliesAndSetupDomain (132ms)
		LoadAssemblies (101ms)
		RebuildTransferFunctionScriptingTraits (0ms)
		AnalyzeDomain (130ms)
			TypeCache.Refresh (129ms)
				TypeCache.ScanAssembly (116ms)
			ScanForSourceGeneratedMonoScriptInfo (0ms)
			ResolveRequiredComponents (0ms)
	FinalizeReload (273ms)
		ReleaseScriptCaches (0ms)
		RebuildScriptCaches (0ms)
		SetupLoadedEditorAssemblies (219ms)
			LogAssemblyErrors (0ms)
			InitializePlatformSupportModulesInManaged (8ms)
			SetLoadedEditorAssemblies (7ms)
			RefreshPlugins (0ms)
			BeforeProcessingInitializeOnLoad (2ms)
			ProcessInitializeOnLoadAttributes (148ms)
			ProcessInitializeOnLoadMethodAttributes (53ms)
			AfterProcessingInitializeOnLoad (0ms)
			EditorAssembliesLoaded (0ms)
		ExecutionOrderSort2 (0ms)
		AwakeInstancesAfterBackupRestoration (0ms)
========================================================================
Worker process is ready to serve import requests
Begin MonoManager ReloadAssembly
- Loaded All Assemblies, in  0.647 seconds
Refreshing native plugins compatible for Editor in 9.95 ms, found 3 plugins.
Native extension for WindowsStandalone target not found
Package Manager log level set to [2]
[Package Manager] Server::EnsureServerProcessIsRunning -- launch failed, reason: Unity was launched with the -noUpm command-line argument
[Package Manager] UpmClient::Send -- Unable to send message (not connected to UPM process).
[Package Manager] Cannot connect to Unity Package Manager local server
Mono: successfully reloaded assembly
- Finished resetting the current domain, in  0.802 seconds
Domain Reload Profiling: 1439ms
	BeginReloadAssembly (167ms)
		ExecutionOrderSort (0ms)
		DisableScriptedObjects (5ms)
		BackupInstance (0ms)
		ReleaseScriptingObjects (0ms)
		CreateAndSetChildDomain (20ms)
	RebuildCommonClasses (33ms)
	RebuildNativeTypeToScriptingClass (11ms)
	initialDomainReloadingComplete (54ms)
	LoadAllAssembliesAndSetupDomain (373ms)
		LoadAssemblies (312ms)
		RebuildTransferFunctionScriptingTraits (0ms)
		AnalyzeDomain (162ms)
			TypeCache.Refresh (143ms)
				TypeCache.ScanAssembly (129ms)
			ScanForSourceGeneratedMonoScriptInfo (14ms)
			ResolveRequiredComponents (5ms)
	FinalizeReload (802ms)
		ReleaseScriptCaches (0ms)
		RebuildScriptCaches (0ms)
		SetupLoadedEditorAssemblies (655ms)
			LogAssemblyErrors (0ms)
			InitializePlatformSupportModulesInManaged (5ms)
			SetLoadedEditorAssemblies (4ms)
			RefreshPlugins (0ms)
			BeforeProcessingInitializeOnLoad (64ms)
			ProcessInitializeOnLoadAttributes (549ms)
			ProcessInitializeOnLoadMethodAttributes (18ms)
			AfterProcessingInitializeOnLoad (14ms)
			EditorAssembliesLoaded (0ms)
		ExecutionOrderSort2 (0ms)
		AwakeInstancesAfterBackupRestoration (10ms)
Launched and connected shader compiler UnityShaderCompiler.exe after 0.04 seconds
Refreshing native plugins compatible for Editor in 3.73 ms, found 3 plugins.
Preloading 0 native plugins for Editor in 0.00 ms.
Unloading 3106 Unused Serialized files (Serialized files now loaded: 0)
Unloading 33 unused Assets / (58.0 KB). Loaded Objects now: 3568.
Memory consumption went from 120.4 MB to 120.4 MB.
Total: 2.017600 ms (FindLiveObjects: 0.133000 ms CreateObjectMapping: 0.037500 ms MarkObjects: 1.780300 ms  DeleteObjects: 0.065300 ms)

AssetImportParameters requested are different than current active one (requested -> active):
  custom:container-demuxer-ogg: 62fdf1f143b41e24485cea50d1cbac27 -> 
  custom:video-codec-MediaFoundation-h265: 746d11721c4dcdbdad8f713fa42b33f4 -> 
  custom:video-decoder-ogg-theora: a1e56fd34408186e4bbccfd4996cb3dc -> 
  custom:framework-win-MediaFoundation: 216162199b28c13a410421893ffa2e32 -> 
  custom:CustomObjectIndexerAttribute: 9a22284fe3817be447336de3de66b15e -> 
  custom:container-demuxer-webm: 4f35f7cbe854078d1ac9338744f61a02 -> 
  custom:container-muxer-webm: aa71ff27fc2769a1b78a27578f13a17b -> 
  custom:video-decoder-webm-vp8: 9c59270c3fd7afecdb556c50c9e8de78 -> 
  custom:SearchIndexIgnoredProperties: e643bd26f0fe6173181afceb89e7c659 -> 
  custom:AudioImporter_EditorPlatform: d09bf68614088b80899f8185d706f6e7 -> 
  custom:video-encoder-webm-vp8: eb34c28f22e8b96e1ab97ce403110664 -> 
  custom:audio-decoder-ogg-vorbis: bf7c407c2cedff20999df2af8eb42d56 -> 
  custom:audio-encoder-webm-vorbis: bf7c407c2cedff20999df2af8eb42d56 -> 
========================================================================
Received Import Request.
  Time since last request: 506.474997 seconds.
  path: Assets/Scenes
  artifactKey: Guid(cfe35cec3b6b08a4ab546bc112ea44c0) Importer(815301076,1909f56bfc062723c751e8b465ee728b)
Start importing Assets/Scenes using Guid(cfe35cec3b6b08a4ab546bc112ea44c0) Importer(815301076,1909f56bfc062723c751e8b465ee728b) [PhysX] Initialized MultithreadedTaskDispatcher with 20 workers.
 -> (artifact id: 'ad5e1cd7f97d4e6cf2caf95c08e10e67') in 0.002374 seconds
Number of updated asset objects reloaded before import = 0
Number of asset objects unloaded after import = 0
========================================================================
Received Import Request.
  Time since last request: 3.470165 seconds.
  path: Assets/3DPixelArtEnvironment/Third-Party Notices.txt
  artifactKey: Guid(5a3334db26eba2c478efdd14ae38b173) Importer(815301076,1909f56bfc062723c751e8b465ee728b)
Start importing Assets/3DPixelArtEnvironment/Third-Party Notices.txt using Guid(5a3334db26eba2c478efdd14ae38b173) Importer(815301076,1909f56bfc062723c751e8b465ee728b) [PhysX] Initialized MultithreadedTaskDispatcher with 20 workers.
 -> (artifact id: '4fbad0cf257f87465a9dc0e0b37270b1') in 0.008304 seconds
Number of updated asset objects reloaded before import = 0
Number of asset objects unloaded after import = 1
========================================================================
Received Import Request.
  Time since last request: 2.136251 seconds.
  path: Assets/3DPixelArtEnvironment/CritterEnvironment_Documentation_1.3.pdf
  artifactKey: Guid(a97709667d208a24485f05c082aaae49) Importer(815301076,1909f56bfc062723c751e8b465ee728b)
Start importing Assets/3DPixelArtEnvironment/CritterEnvironment_Documentation_1.3.pdf using Guid(a97709667d208a24485f05c082aaae49) Importer(815301076,1909f56bfc062723c751e8b465ee728b) [PhysX] Initialized MultithreadedTaskDispatcher with 20 workers.
 -> (artifact id: '0cc3ea91e933ae25ed8e9fe97449c577') in 0.001069 seconds
Number of updated asset objects reloaded before import = 0
Number of asset objects unloaded after import = 1
========================================================================
Received Import Request.
  Time since last request: 2.520003 seconds.
  path: Assets/3DPixelArtEnvironment/Textures
  artifactKey: Guid(cc834fa436638d449b43084066a76e95) Importer(815301076,1909f56bfc062723c751e8b465ee728b)
Start importing Assets/3DPixelArtEnvironment/Textures using Guid(cc834fa436638d449b43084066a76e95) Importer(815301076,1909f56bfc062723c751e8b465ee728b) [PhysX] Initialized MultithreadedTaskDispatcher with 20 workers.
 -> (artifact id: '9b03539b315adcb29110659e16e7b84a') in 0.000566 seconds
Number of updated asset objects reloaded before import = 0
Number of asset objects unloaded after import = 0
========================================================================
Received Import Request.
  Time since last request: 0.206071 seconds.
  path: Assets/3DPixelArtEnvironment/Textures/FlowMap.png
  artifactKey: Guid(07612261b3ae0f94a9826a3175a9d605) Importer(815301076,1909f56bfc062723c751e8b465ee728b)
Start importing Assets/3DPixelArtEnvironment/Textures/FlowMap.png using Guid(07612261b3ae0f94a9826a3175a9d605) Importer(815301076,1909f56bfc062723c751e8b465ee728b) [PhysX] Initialized MultithreadedTaskDispatcher with 20 workers.
[PhysX] Initialized MultithreadedTaskDispatcher with 20 workers.
 -> (artifact id: '87be4c2279abe6ce7aec3c3bb39ab470') in 0.036477 seconds
Number of updated asset objects reloaded before import = 0
Number of asset objects unloaded after import = 2
========================================================================
Received Import Request.
  Time since last request: 1.950788 seconds.
  path: Assets/3DPixelArtEnvironment/Shaders
  artifactKey: Guid(c459c5c1750bd8b4aa55d0a905412143) Importer(815301076,1909f56bfc062723c751e8b465ee728b)
Start importing Assets/3DPixelArtEnvironment/Shaders using Guid(c459c5c1750bd8b4aa55d0a905412143) Importer(815301076,1909f56bfc062723c751e8b465ee728b) [PhysX] Initialized MultithreadedTaskDispatcher with 20 workers.
 -> (artifact id: '090162bf80d62ba81b570139509ff2eb') in 0.000622 seconds
Number of updated asset objects reloaded before import = 0
Number of asset objects unloaded after import = 0
========================================================================
Received Import Request.
  Time since last request: 3.562974 seconds.
  path: Assets/3DPixelArtEnvironment/Shaders/URP_ShaderGraphCustomLighting
  artifactKey: Guid(71c1275b4cf9cd142b7d474762d47ca7) Importer(815301076,1909f56bfc062723c751e8b465ee728b)
Start importing Assets/3DPixelArtEnvironment/Shaders/URP_ShaderGraphCustomLighting using Guid(71c1275b4cf9cd142b7d474762d47ca7) Importer(815301076,1909f56bfc062723c751e8b465ee728b) [PhysX] Initialized MultithreadedTaskDispatcher with 20 workers.
 -> (artifact id: '2fe539a1a93731d4116ca885233b1f6b') in 0.000625 seconds
Number of updated asset objects reloaded before import = 0
Number of asset objects unloaded after import = 0
========================================================================
Received Import Request.
  Time since last request: 0.618832 seconds.
  path: Assets/3DPixelArtEnvironment/Shaders/URP_ShaderGraphCustomLighting/CustomLighting.hlsl
  artifactKey: Guid(d85f1b91349aa1a42a8a390e37416584) Importer(815301076,1909f56bfc062723c751e8b465ee728b)
Start importing Assets/3DPixelArtEnvironment/Shaders/URP_ShaderGraphCustomLighting/CustomLighting.hlsl using Guid(d85f1b91349aa1a42a8a390e37416584) Importer(815301076,1909f56bfc062723c751e8b465ee728b) [PhysX] Initialized MultithreadedTaskDispatcher with 20 workers.
 -> (artifact id: '58cb7ec7962ed37fec7146a4aed234ef') in 0.001239 seconds
Number of updated asset objects reloaded before import = 0
Number of asset objects unloaded after import = 1
========================================================================
Received Import Request.
  Time since last request: 0.185805 seconds.
  path: Assets/3DPixelArtEnvironment/Shaders/URP_ShaderGraphCustomLighting/LICENSE
  artifactKey: Guid(aa5e5c5f2937903418e11a9eec5a6138) Importer(815301076,1909f56bfc062723c751e8b465ee728b)
Start importing Assets/3DPixelArtEnvironment/Shaders/URP_ShaderGraphCustomLighting/LICENSE using Guid(aa5e5c5f2937903418e11a9eec5a6138) Importer(815301076,1909f56bfc062723c751e8b465ee728b) [PhysX] Initialized MultithreadedTaskDispatcher with 20 workers.
 -> (artifact id: '5930d18ee76a1e3d1144a84f77ca99f9') in 0.000978 seconds
Number of updated asset objects reloaded before import = 0
Number of asset objects unloaded after import = 1
========================================================================
Received Import Request.
  Time since last request: 0.798917 seconds.
  path: Assets/3DPixelArtEnvironment/Shaders/URP_ShaderGraphCustomLighting/SubGraphs
  artifactKey: Guid(4ee7bd589e126134eb6a115410f4f6c9) Importer(815301076,1909f56bfc062723c751e8b465ee728b)
Start importing Assets/3DPixelArtEnvironment/Shaders/URP_ShaderGraphCustomLighting/SubGraphs using Guid(4ee7bd589e126134eb6a115410f4f6c9) Importer(815301076,1909f56bfc062723c751e8b465ee728b) [PhysX] Initialized MultithreadedTaskDispatcher with 20 workers.
 -> (artifact id: '5843620c0bdd8a3a644bd667dd4a1889') in 0.000637 seconds
Number of updated asset objects reloaded before import = 0
Number of asset objects unloaded after import = 0
========================================================================
Received Import Request.
  Time since last request: 0.807076 seconds.
  path: Assets/3DPixelArtEnvironment/Shaders/URP_ShaderGraphCustomLighting/SubGraphs/Ambient SampleSH.shadersubgraph
  artifactKey: Guid(e13fbf63d7907af4ab4988492ac7bca8) Importer(815301076,1909f56bfc062723c751e8b465ee728b)
Start importing Assets/3DPixelArtEnvironment/Shaders/URP_ShaderGraphCustomLighting/SubGraphs/Ambient SampleSH.shadersubgraph using Guid(e13fbf63d7907af4ab4988492ac7bca8) Importer(815301076,1909f56bfc062723c751e8b465ee728b) [PhysX] Initialized MultithreadedTaskDispatcher with 20 workers.
 -> (artifact id: '988ea9207c24f0a6ffde15b1b2545601') in 0.001020 seconds
Number of updated asset objects reloaded before import = 0
Number of asset objects unloaded after import = 1
========================================================================
Received Import Request.
  Time since last request: 2.978942 seconds.
  path: Assets/3DPixelArtEnvironment/Materials
  artifactKey: Guid(154deb2cd4abbea41a306e1b53099984) Importer(815301076,1909f56bfc062723c751e8b465ee728b)
Start importing Assets/3DPixelArtEnvironment/Materials using Guid(154deb2cd4abbea41a306e1b53099984) Importer(815301076,1909f56bfc062723c751e8b465ee728b) [PhysX] Initialized MultithreadedTaskDispatcher with 20 workers.
 -> (artifact id: '6f38b4478593c0d89c2a1156bbdeb122') in 0.000595 seconds
Number of updated asset objects reloaded before import = 0
Number of asset objects unloaded after import = 0
========================================================================
Received Import Request.
  Time since last request: 0.061014 seconds.
  path: Assets/3DPixelArtEnvironment/Materials/Instanced_Flower.mat
  artifactKey: Guid(d50a40cb47ec86444b898d9121bbe0f7) Importer(815301076,1909f56bfc062723c751e8b465ee728b)
Start importing Assets/3DPixelArtEnvironment/Materials/Instanced_Flower.mat using Guid(d50a40cb47ec86444b898d9121bbe0f7) Importer(815301076,1909f56bfc062723c751e8b465ee728b) [PhysX] Initialized MultithreadedTaskDispatcher with 20 workers.
[PhysX] Initialized MultithreadedTaskDispatcher with 20 workers.
 -> (artifact id: 'e800add1e8d7e9bf9b43377dd407b17e') in 0.057991 seconds
Number of updated asset objects reloaded before import = 0
Number of asset objects unloaded after import = 1
========================================================================
Received Import Request.
  Time since last request: 0.000020 seconds.
  path: Assets/3DPixelArtEnvironment/Materials/Leaves.mat
  artifactKey: Guid(460e6d5cb2d4c42419ff7a31f9e3f82c) Importer(815301076,1909f56bfc062723c751e8b465ee728b)
Start importing Assets/3DPixelArtEnvironment/Materials/Leaves.mat using Guid(460e6d5cb2d4c42419ff7a31f9e3f82c) Importer(815301076,1909f56bfc062723c751e8b465ee728b) [PhysX] Initialized MultithreadedTaskDispatcher with 20 workers.
[PhysX] Initialized MultithreadedTaskDispatcher with 20 workers.
 -> (artifact id: '6cbf372ae066d3a4f08426b55f5ed773') in 0.009288 seconds
Number of updated asset objects reloaded before import = 0
Number of asset objects unloaded after import = 1
========================================================================
Received Import Request.
  Time since last request: 0.000014 seconds.
  path: Assets/3DPixelArtEnvironment/Materials/Roof.mat
  artifactKey: Guid(6f362eb575a274c4aa0e43fb37098c4f) Importer(815301076,1909f56bfc062723c751e8b465ee728b)
Start importing Assets/3DPixelArtEnvironment/Materials/Roof.mat using Guid(6f362eb575a274c4aa0e43fb37098c4f) Importer(815301076,1909f56bfc062723c751e8b465ee728b) [PhysX] Initialized MultithreadedTaskDispatcher with 20 workers.
[PhysX] Initialized MultithreadedTaskDispatcher with 20 workers.
 -> (artifact id: 'c83fc0e62d02cff7c3d5267496cb7d8f') in 0.005502 seconds
Number of updated asset objects reloaded before import = 0
Number of asset objects unloaded after import = 1
========================================================================
Received Import Request.
  Time since last request: 0.000012 seconds.
  path: Assets/3DPixelArtEnvironment/Materials/Stone.mat
  artifactKey: Guid(045008cd6a351b44fa99242119cf15a3) Importer(815301076,1909f56bfc062723c751e8b465ee728b)
Start importing Assets/3DPixelArtEnvironment/Materials/Stone.mat using Guid(045008cd6a351b44fa99242119cf15a3) Importer(815301076,1909f56bfc062723c751e8b465ee728b) [PhysX] Initialized MultithreadedTaskDispatcher with 20 workers.
[PhysX] Initialized MultithreadedTaskDispatcher with 20 workers.
 -> (artifact id: 'bfcd51073b46974f2eeddddbf238ab1a') in 0.008053 seconds
Number of updated asset objects reloaded before import = 0
Number of asset objects unloaded after import = 1
========================================================================
Received Import Request.
  Time since last request: 0.000014 seconds.
  path: Assets/3DPixelArtEnvironment/Materials/Wall.mat
  artifactKey: Guid(df239e5d015599647a8e5d23201e56c2) Importer(815301076,1909f56bfc062723c751e8b465ee728b)
Start importing Assets/3DPixelArtEnvironment/Materials/Wall.mat using Guid(df239e5d015599647a8e5d23201e56c2) Importer(815301076,1909f56bfc062723c751e8b465ee728b) [PhysX] Initialized MultithreadedTaskDispatcher with 20 workers.
[PhysX] Initialized MultithreadedTaskDispatcher with 20 workers.
 -> (artifact id: '77bddf8c4ad523645c58f7d87d602942') in 0.008731 seconds
Number of updated asset objects reloaded before import = 0
Number of asset objects unloaded after import = 1
========================================================================
Received Import Request.
  Time since last request: 1.384307 seconds.
  path: Assets/3DPixelArtEnvironment/Meshes
  artifactKey: Guid(24cfb92945ecb53439f30d717b8f5fd3) Importer(815301076,1909f56bfc062723c751e8b465ee728b)
Start importing Assets/3DPixelArtEnvironment/Meshes using Guid(24cfb92945ecb53439f30d717b8f5fd3) Importer(815301076,1909f56bfc062723c751e8b465ee728b) [PhysX] Initialized MultithreadedTaskDispatcher with 20 workers.
 -> (artifact id: '3feb0e9e7e98dd395898d0c9da26fc3e') in 0.000586 seconds
Number of updated asset objects reloaded before import = 0
Number of asset objects unloaded after import = 0
========================================================================
Received Import Request.
  Time since last request: 0.032328 seconds.
  path: Assets/3DPixelArtEnvironment/Meshes/Arch_Large.fbx
  artifactKey: Guid(8844350e59074504d96554a9ef0b643c) Importer(815301076,1909f56bfc062723c751e8b465ee728b)
Start importing Assets/3DPixelArtEnvironment/Meshes/Arch_Large.fbx using Guid(8844350e59074504d96554a9ef0b643c) Importer(815301076,1909f56bfc062723c751e8b465ee728b) [PhysX] Initialized MultithreadedTaskDispatcher with 20 workers.
[PhysX] Initialized MultithreadedTaskDispatcher with 20 workers.
[PhysX] Initialized MultithreadedTaskDispatcher with 20 workers.
[PhysX] Initialized MultithreadedTaskDispatcher with 20 workers.
 -> (artifact id: 'f175768f7583b4b513e53bc685db282a') in 0.166323 seconds
Number of updated asset objects reloaded before import = 0
Number of asset objects unloaded after import = 8
========================================================================
Received Import Request.
  Time since last request: 0.000019 seconds.
  path: Assets/3DPixelArtEnvironment/Meshes/Windmill.fbx
  artifactKey: Guid(7127aa89226012849b53b1a15a0e327e) Importer(815301076,1909f56bfc062723c751e8b465ee728b)
Start importing Assets/3DPixelArtEnvironment/Meshes/Windmill.fbx using Guid(7127aa89226012849b53b1a15a0e327e) Importer(815301076,1909f56bfc062723c751e8b465ee728b) [PhysX] Initialized MultithreadedTaskDispatcher with 20 workers.
[PhysX] Initialized MultithreadedTaskDispatcher with 20 workers.
[PhysX] Initialized MultithreadedTaskDispatcher with 20 workers.
[PhysX] Initialized MultithreadedTaskDispatcher with 20 workers.
[PhysX] Initialized MultithreadedTaskDispatcher with 20 workers.
[PhysX] Initialized MultithreadedTaskDispatcher with 20 workers.
[PhysX] Initialized MultithreadedTaskDispatcher with 20 workers.
 -> (artifact id: 'a0709a0605d8a6f23f18b70e24ded6a6') in 0.019673 seconds
Number of updated asset objects reloaded before import = 0
Number of asset objects unloaded after import = 11
========================================================================
Received Import Request.
  Time since last request: 0.000021 seconds.
  path: Assets/3DPixelArtEnvironment/Meshes/Light_Post.fbx
  artifactKey: Guid(953e749c67d5af744a3594612bc0b1d8) Importer(815301076,1909f56bfc062723c751e8b465ee728b)
Start importing Assets/3DPixelArtEnvironment/Meshes/Light_Post.fbx using Guid(953e749c67d5af744a3594612bc0b1d8) Importer(815301076,1909f56bfc062723c751e8b465ee728b) [PhysX] Initialized MultithreadedTaskDispatcher with 20 workers.
[PhysX] Initialized MultithreadedTaskDispatcher with 20 workers.
[PhysX] Initialized MultithreadedTaskDispatcher with 20 workers.
[PhysX] Initialized MultithreadedTaskDispatcher with 20 workers.
 -> (artifact id: '4edf047eb896f265645532b92dbed43e') in 0.009282 seconds
Number of updated asset objects reloaded before import = 0
Number of asset objects unloaded after import = 8
========================================================================
Received Import Request.
  Time since last request: 0.000014 seconds.
  path: Assets/3DPixelArtEnvironment/Meshes/Slab.fbx
  artifactKey: Guid(a442c8e248430c5469812efa186b9fdd) Importer(815301076,1909f56bfc062723c751e8b465ee728b)
Start importing Assets/3DPixelArtEnvironment/Meshes/Slab.fbx using Guid(a442c8e248430c5469812efa186b9fdd) Importer(815301076,1909f56bfc062723c751e8b465ee728b) [PhysX] Initialized MultithreadedTaskDispatcher with 20 workers.
[PhysX] Initialized MultithreadedTaskDispatcher with 20 workers.
[PhysX] Initialized MultithreadedTaskDispatcher with 20 workers.
[PhysX] Initialized MultithreadedTaskDispatcher with 20 workers.
 -> (artifact id: '091e9d20fb4513f5d4bbbef2df92dbd8') in 0.009895 seconds
Number of updated asset objects reloaded before import = 0
Number of asset objects unloaded after import = 8
========================================================================
Received Import Request.
  Time since last request: 1.598516 seconds.
  path: Assets/3DPixelArtEnvironment/Scripts
  artifactKey: Guid(051f8ef25198e6f43b3cc3f4c6c65f1b) Importer(815301076,1909f56bfc062723c751e8b465ee728b)
Start importing Assets/3DPixelArtEnvironment/Scripts using Guid(051f8ef25198e6f43b3cc3f4c6c65f1b) Importer(815301076,1909f56bfc062723c751e8b465ee728b) [PhysX] Initialized MultithreadedTaskDispatcher with 20 workers.
 -> (artifact id: 'bd3486186c0b81055bb0c97e99aaea82') in 0.000588 seconds
Number of updated asset objects reloaded before import = 0
Number of asset objects unloaded after import = 0
========================================================================
Received Import Request.
  Time since last request: 0.310245 seconds.
  path: Assets/3DPixelArtEnvironment/Prefabs
  artifactKey: Guid(3416316ad03af07479d5d74126405aab) Importer(815301076,1909f56bfc062723c751e8b465ee728b)
Start importing Assets/3DPixelArtEnvironment/Prefabs using Guid(3416316ad03af07479d5d74126405aab) Importer(815301076,1909f56bfc062723c751e8b465ee728b) [PhysX] Initialized MultithreadedTaskDispatcher with 20 workers.
 -> (artifact id: '10154909115240c53de43c0d1db653f5') in 0.000579 seconds
Number of updated asset objects reloaded before import = 0
Number of asset objects unloaded after import = 0
========================================================================
Received Import Request.
  Time since last request: 0.049683 seconds.
  path: Assets/3DPixelArtEnvironment/Prefabs/Arch_Large.prefab
  artifactKey: Guid(b4f6fc6eddd6ad34ba69a8f272836a43) Importer(815301076,1909f56bfc062723c751e8b465ee728b)
Start importing Assets/3DPixelArtEnvironment/Prefabs/Arch_Large.prefab using Guid(b4f6fc6eddd6ad34ba69a8f272836a43) Importer(815301076,1909f56bfc062723c751e8b465ee728b) [PhysX] Initialized MultithreadedTaskDispatcher with 20 workers.
[PhysX] Initialized MultithreadedTaskDispatcher with 20 workers.
 -> (artifact id: 'a611a78cf40a79c004fb458fc2a048b1') in 0.008056 seconds
Number of updated asset objects reloaded before import = 0
Number of asset objects unloaded after import = 16
========================================================================
Received Import Request.
  Time since last request: 0.001471 seconds.
  path: Assets/3DPixelArtEnvironment/Prefabs/Arch_Small.prefab
  artifactKey: Guid(aa33331ce13f42745ab1b3e77dc76100) Importer(815301076,1909f56bfc062723c751e8b465ee728b)
Start importing Assets/3DPixelArtEnvironment/Prefabs/Arch_Small.prefab using Guid(aa33331ce13f42745ab1b3e77dc76100) Importer(815301076,1909f56bfc062723c751e8b465ee728b) [PhysX] Initialized MultithreadedTaskDispatcher with 20 workers.
[PhysX] Initialized MultithreadedTaskDispatcher with 20 workers.
 -> (artifact id: 'ab54e088b0d73f3315ec2f6bbf7f2e3f') in 0.007901 seconds
Number of updated asset objects reloaded before import = 0
Number of asset objects unloaded after import = 16
========================================================================
Received Import Request.
  Time since last request: 0.000019 seconds.
  path: Assets/3DPixelArtEnvironment/Prefabs/Windmill.prefab
  artifactKey: Guid(1595e9c07d0785c46b672c1b0557e719) Importer(815301076,1909f56bfc062723c751e8b465ee728b)
Start importing Assets/3DPixelArtEnvironment/Prefabs/Windmill.prefab using Guid(1595e9c07d0785c46b672c1b0557e719) Importer(815301076,1909f56bfc062723c751e8b465ee728b) [PhysX] Initialized MultithreadedTaskDispatcher with 20 workers.
[PhysX] Initialized MultithreadedTaskDispatcher with 20 workers.
 -> (artifact id: '67431561d95e941d90fe7ad7d22b6b83') in 0.012400 seconds
Number of updated asset objects reloaded before import = 0
Number of asset objects unloaded after import = 34
========================================================================
Received Import Request.
  Time since last request: 0.000022 seconds.
  path: Assets/3DPixelArtEnvironment/Prefabs/Tree.prefab
  artifactKey: Guid(1d311dabd93af4340818896e64ead60c) Importer(815301076,1909f56bfc062723c751e8b465ee728b)
Start importing Assets/3DPixelArtEnvironment/Prefabs/Tree.prefab using Guid(1d311dabd93af4340818896e64ead60c) Importer(815301076,1909f56bfc062723c751e8b465ee728b) [PhysX] Initialized MultithreadedTaskDispatcher with 20 workers.
[PhysX] Initialized MultithreadedTaskDispatcher with 20 workers.
 -> (artifact id: 'bb5e59ff69129b3d826c0a33d320c1bd') in 0.008493 seconds
Number of updated asset objects reloaded before import = 0
Number of asset objects unloaded after import = 10
